<?xml version="1.0" encoding="UTF-8"?>
<testng-results ignored="0" total="6" passed="6" failed="0" skipped="0">
  <reporter-output>
  </reporter-output>
  <suite started-at="2024-08-19T19:59:39 IST" name="Default suite" finished-at="2024-08-19T20:01:50 IST" duration-ms="131344">
    <groups>
      <group name="cucumber">
        <method signature="AbstractTestNGCucumberTests.runScenario(io.cucumber.testng.PickleWrapper,io.cucumber.testng.FeatureWrapper)[pri:0, instance:testRunner.testRunner@443118b0]" name="runScenario" class="io.cucumber.testng.AbstractTestNGCucumberTests"/>
      </group> <!-- cucumber -->
    </groups>
    <test started-at="2024-08-19T19:59:39 IST" name="Default test" finished-at="2024-08-19T20:01:50 IST" duration-ms="131344">
      <class name="testRunner.testRunner">
        <test-method is-config="true" signature="setUpClass(org.testng.ITestContext)[pri:0, instance:testRunner.testRunner@443118b0]" started-at="2024-08-19T19:59:39 IST" name="setUpClass" finished-at="2024-08-19T19:59:41 IST" duration-ms="1458" status="PASS">
          <params>
            <param index="0">
              <value>
                <![CDATA[org.testng.TestRunner@60e47aab]]>
              </value>
            </param>
          </params>
          <reporter-output>
          </reporter-output>
        </test-method> <!-- setUpClass -->
        <test-method signature="runScenario(io.cucumber.testng.PickleWrapper,io.cucumber.testng.FeatureWrapper)[pri:0, instance:testRunner.testRunner@443118b0]" started-at="2024-08-19T19:59:41 IST" name="runScenario" description="Runs Cucumber Scenarios" data-provider="scenarios" finished-at="2024-08-19T20:00:12 IST" duration-ms="31739" status="PASS">
          <params>
            <param index="0">
              <value>
                <![CDATA["New Account Creation"]]>
              </value>
            </param>
            <param index="1">
              <value>
                <![CDATA["Salesforce Account Module"]]>
              </value>
            </param>
          </params>
          <reporter-output>
          </reporter-output>
        </test-method> <!-- runScenario -->
        <test-method signature="runScenario(io.cucumber.testng.PickleWrapper,io.cucumber.testng.FeatureWrapper)[pri:0, instance:testRunner.testRunner@443118b0]" started-at="2024-08-19T20:00:12 IST" name="runScenario" description="Runs Cucumber Scenarios" data-provider="scenarios" finished-at="2024-08-19T20:00:44 IST" duration-ms="31333" status="PASS">
          <params>
            <param index="0">
              <value>
                <![CDATA["Verify The Validation Eror On Account"]]>
              </value>
            </param>
            <param index="1">
              <value>
                <![CDATA["Salesforce Account Module"]]>
              </value>
            </param>
          </params>
          <reporter-output>
          </reporter-output>
        </test-method> <!-- runScenario -->
        <test-method signature="runScenario(io.cucumber.testng.PickleWrapper,io.cucumber.testng.FeatureWrapper)[pri:0, instance:testRunner.testRunner@443118b0]" started-at="2024-08-19T20:00:44 IST" name="runScenario" description="Runs Cucumber Scenarios" data-provider="scenarios" finished-at="2024-08-19T20:01:05 IST" duration-ms="21629" status="PASS">
          <params>
            <param index="0">
              <value>
                <![CDATA["New Contact Creation"]]>
              </value>
            </param>
            <param index="1">
              <value>
                <![CDATA["Salesforce Account Module"]]>
              </value>
            </param>
          </params>
          <reporter-output>
          </reporter-output>
        </test-method> <!-- runScenario -->
        <test-method signature="runScenario(io.cucumber.testng.PickleWrapper,io.cucumber.testng.FeatureWrapper)[pri:0, instance:testRunner.testRunner@443118b0]" started-at="2024-08-19T20:01:05 IST" name="runScenario" description="Runs Cucumber Scenarios" data-provider="scenarios" finished-at="2024-08-19T20:01:29 IST" duration-ms="23852" status="PASS">
          <params>
            <param index="0">
              <value>
                <![CDATA["Verify The Validation Eror On Contact"]]>
              </value>
            </param>
            <param index="1">
              <value>
                <![CDATA["Salesforce Account Module"]]>
              </value>
            </param>
          </params>
          <reporter-output>
          </reporter-output>
        </test-method> <!-- runScenario -->
        <test-method signature="runScenario(io.cucumber.testng.PickleWrapper,io.cucumber.testng.FeatureWrapper)[pri:0, instance:testRunner.testRunner@443118b0]" started-at="2024-08-19T20:01:29 IST" name="runScenario" description="Runs Cucumber Scenarios" data-provider="scenarios" finished-at="2024-08-19T20:01:41 IST" duration-ms="12080" status="PASS">
          <params>
            <param index="0">
              <value>
                <![CDATA["login With Vaild Credentials"]]>
              </value>
            </param>
            <param index="1">
              <value>
                <![CDATA["Salesforce LoginModule"]]>
              </value>
            </param>
          </params>
          <reporter-output>
          </reporter-output>
        </test-method> <!-- runScenario -->
        <test-method signature="runScenario(io.cucumber.testng.PickleWrapper,io.cucumber.testng.FeatureWrapper)[pri:0, instance:testRunner.testRunner@443118b0]" started-at="2024-08-19T20:01:41 IST" name="runScenario" description="Runs Cucumber Scenarios" data-provider="scenarios" finished-at="2024-08-19T20:01:47 IST" duration-ms="5727" status="PASS">
          <params>
            <param index="0">
              <value>
                <![CDATA["login With Invaild Credentials"]]>
              </value>
            </param>
            <param index="1">
              <value>
                <![CDATA["Salesforce LoginModule"]]>
              </value>
            </param>
          </params>
          <reporter-output>
          </reporter-output>
        </test-method> <!-- runScenario -->
        <test-method is-config="true" signature="tearDownClass()[pri:0, instance:testRunner.testRunner@443118b0]" started-at="2024-08-19T20:01:47 IST" name="tearDownClass" finished-at="2024-08-19T20:01:50 IST" duration-ms="3459" status="PASS">
          <reporter-output>
          </reporter-output>
        </test-method> <!-- tearDownClass -->
      </class> <!-- testRunner.testRunner -->
    </test> <!-- Default test -->
  </suite> <!-- Default suite -->
</testng-results>
